#
# A fatal error has been detected by the Java Runtime Environment:
#
#  SIGSEGV (0xb) at pc=0x00007f9f219e8eca, pid=8245, tid=140319915075328
#
# JRE version: Java(TM) SE Runtime Environment (8.0_60-b27) (build 1.8.0_60-b27)
# Java VM: Java HotSpot(TM) 64-Bit Server VM (25.60-b23 mixed mode linux-amd64 compressed oops)
# Problematic frame:
# V  [libjvm.so+0x6e6eca]  jni_GetLongField+0xaa
#
# Failed to write core dump. Core dumps have been disabled. To enable core dumping, try "ulimit -c unlimited" before starting Java again
#
# If you would like to submit a bug report, please visit:
#   http://bugreport.java.com/bugreport/crash.jsp
#

---------------  T H R E A D  ---------------

Current thread (0x00007f9f1c1cf000):  JavaThread "AWT-XAWT" daemon [_thread_in_vm, id=8372, stack(0x00007f9ec6a16000,0x00007f9ec6b17000)]

siginfo: si_signo: 11 (SIGSEGV), si_code: 1 (SEGV_MAPERR), si_addr: 0x0000000000000000

Registers:
RAX=0x00007f9f222a1909, RBX=0x00007f9f1c1cf000, RCX=0x00007f9f22cd9340, RDX=0x00007f9f222acdb0
RSP=0x00007f9ec6b155e0, RBP=0x00007f9ec6b15610, RSI=0x0000000000000000, RDI=0x00007f9f1c1cf1f8
R8 =0x00007f9f041d0250, R9 =0x00000000d6c63020, R10=0x00007f9f0c306e58, R11=0x00007f9f21cbaf10
R12=0x0000000000000042, R13=0x0000000000000000, R14=0x00007f9f222b1320, R15=0x00007f9f222acdc0
RIP=0x00007f9f219e8eca, EFLAGS=0x0000000000010246, CSGSFS=0x0000000000000033, ERR=0x0000000000000004
  TRAPNO=0x000000000000000e

Top of Stack: (sp=0x00007f9ec6b155e0)
0x00007f9ec6b155e0:   00007f9ec6b15610 00007f9f1c1cf1f8
0x00007f9ec6b155f0:   00007f9eac0131c0 0000000000000000
0x00007f9ec6b15600:   00007f9f049327e0 00007f9f1c1cf000
0x00007f9ec6b15610:   00007f9ec6b15640 00007f9f04710e61
0x00007f9ec6b15620:   00007f9f06ff0c00 00007f9eac0131c0
0x00007f9ec6b15630:   00007f9f06ff0c00 00007f9ec6b15728
0x00007f9ec6b15640:   0000000000000000 00007f9f041d84e0
0x00007f9ec6b15650:   00007f9f06ff0c00 00007f9ec6b15680
0x00007f9ec6b15660:   0000000000000000 00007f9f041d0273
0x00007f9ec6b15670:   00007f9f06ff0c00 00007f9f0470a09f
0x00007f9ec6b15680:   00007f9ec6b156f0 00007f9f0c306e84
0x00007f9ec6b15690:   0000000000000000 0000000000000000
0x00007f9ec6b156a0:   00007f9ec6b15770 00007f9f0c4a4f1c
0x00007f9ec6b156b0:   00007f9ec6b156b0 0000000000000000
0x00007f9ec6b156c0:   00007f9ec6b15728 00007f9f06ff5508
0x00007f9ec6b156d0:   0000000000000000 00007f9f06ff0c00
0x00007f9ec6b156e0:   0000000000000000 00007f9ec6b15710
0x00007f9ec6b156f0:   00007f9ec6b15770 00007f9f0c2f14a0
0x00007f9ec6b15700:   00000000d6fc3188 00007f9f0c2fd7c0
0x00007f9ec6b15710:   0000000000000000 00007f9ec6b15770
0x00007f9ec6b15720:   00007f9eb4001260 00000000d7057430
0x00007f9ec6b15730:   00007f9ec6b15730 00007f9f070f948c
0x00007f9ec6b15740:   00007f9ec6b157b8 00007f9f07102f20
0x00007f9ec6b15750:   0000000000000000 00007f9f070f95c8
0x00007f9ec6b15760:   00007f9ec6b15710 00007f9ec6b157b0
0x00007f9ec6b15770:   00007f9ec6b15800 00007f9f0c2f1ccd
0x00007f9ec6b15780:   0000000000000000 0000000000000000
0x00007f9ec6b15790:   0000000000000000 0000000000000000
0x00007f9ec6b157a0:   0000000000000000 00000000d7057430
0x00007f9ec6b157b0:   0000000000000000 00000000d6ffa2f0
0x00007f9ec6b157c0:   00007f9ec6b157c0 00007f9f070f92cd
0x00007f9ec6b157d0:   00007f9ec6b15810 00007f9f07102f20 

Instructions: (pc=0x00007f9f219e8eca)
0x00007f9f219e8eaa:   a9 00 00 00 30 74 08 48 89 df e8 77 eb 37 00 48
0x00007f9f219e8eba:   8b 05 60 cc 87 00 c7 83 70 02 00 00 06 00 00 00
0x00007f9f219e8eca:   49 8b 55 00 80 38 00 0f 84 c1 00 00 00 48 8b 05
0x00007f9f219e8eda:   82 a6 87 00 8b 72 08 8b 48 08 48 d3 e6 48 03 30 

Register to memory mapping:

RAX=0x00007f9f222a1909: <offset 0xf9f909> in /usr/lib/jvm/jdk1.8.0_60/jre/lib/amd64/server/libjvm.so at 0x00007f9f21302000
RBX=0x00007f9f1c1cf000 is a thread
RCX=0x00007f9f22cd9340: <offset 0x219340> in /lib/x86_64-linux-gnu/libpthread.so.0 at 0x00007f9f22ac0000
RDX=0x00007f9f222acdb0: <offset 0xfaadb0> in /usr/lib/jvm/jdk1.8.0_60/jre/lib/amd64/server/libjvm.so at 0x00007f9f21302000
RSP=0x00007f9ec6b155e0 is pointing into the stack for thread: 0x00007f9f1c1cf000
RBP=0x00007f9ec6b15610 is pointing into the stack for thread: 0x00007f9f1c1cf000
RSI=0x0000000000000000 is an unknown value
RDI=0x00007f9f1c1cf1f8 is an unknown value
R8 =0x00007f9f041d0250: <offset 0x5a250> in /usr/lib/x86_64-linux-gnu/libX11.so.6 at 0x00007f9f04176000
R9 =0x00000000d6c63020 is an oop
[I 
 - klass: {type array int}
 - length: 9
R10=0x00007f9f0c306e58 is at code_begin+1528 in an Interpreter codelet
method entry point (kind = native)  [0x00007f9f0c306860, 0x00007f9f0c3077a0]  3904 bytes
R11=0x00007f9f21cbaf10: <offset 0x9b8f10> in /usr/lib/jvm/jdk1.8.0_60/jre/lib/amd64/server/libjvm.so at 0x00007f9f21302000
R12=0x0000000000000042 is an unknown value
R13=0x0000000000000000 is an unknown value
R14=0x00007f9f222b1320: <offset 0xfaf320> in /usr/lib/jvm/jdk1.8.0_60/jre/lib/amd64/server/libjvm.so at 0x00007f9f21302000
R15=0x00007f9f222acdc0: <offset 0xfaadc0> in /usr/lib/jvm/jdk1.8.0_60/jre/lib/amd64/server/libjvm.so at 0x00007f9f21302000


Stack: [0x00007f9ec6a16000,0x00007f9ec6b17000],  sp=0x00007f9ec6b155e0,  free space=1021k
Native frames: (J=compiled Java code, j=interpreted, Vv=VM code, C=native code)
V  [libjvm.so+0x6e6eca]  jni_GetLongField+0xaa
C  [libawt_xawt.so+0x36e61]  getX11InputMethodData+0x31
C  [libX11.so.6+0x624e0]  _XimServerDestroy+0x70

Java frames: (J=compiled Java code, j=interpreted, Vv=VM code)
j  sun.awt.X11.XlibWrapper.XFilterEvent(JJ)Z+0
j  sun.awt.X11.XToolkit.run(Z)V+300
j  sun.awt.X11.XToolkit.run()V+5
j  java.lang.Thread.run()V+11
v  ~StubRoutines::call_stub

---------------  P R O C E S S  ---------------

Java Threads: ( => current thread )
  0x00007f9eac004800 JavaThread "org.netbeans.modules.debugger.jpda.visual AWT Access Loop" daemon [_thread_blocked, id=8408, stack(0x00007f9ec5b6a000,0x00007f9ec5c6b000)]
  0x00007f9f1c00d000 JavaThread "DestroyJavaVM" [_thread_blocked, id=8248, stack(0x00007f9f22de1000,0x00007f9f22ee2000)]
  0x00007f9f1c25f000 JavaThread "AWT-EventQueue-0" [_thread_blocked, id=8400, stack(0x00007f9ec5e6b000,0x00007f9ec5f6c000)]
  0x00007f9f1c21b800 JavaThread "AWT-Shutdown" [_thread_blocked, id=8393, stack(0x00007f9ec6915000,0x00007f9ec6a16000)]
=>0x00007f9f1c1cf000 JavaThread "AWT-XAWT" daemon [_thread_in_vm, id=8372, stack(0x00007f9ec6a16000,0x00007f9ec6b17000)]
  0x00007f9f1c1a7000 JavaThread "Java2D Disposer" daemon [_thread_blocked, id=8371, stack(0x00007f9f04075000,0x00007f9f04176000)]
  0x00007f9f1c0e4000 JavaThread "Service Thread" daemon [_thread_blocked, id=8318, stack(0x00007f9f04d06000,0x00007f9f04e07000)]
  0x00007f9f1c0ce000 JavaThread "C1 CompilerThread2" daemon [_thread_blocked, id=8317, stack(0x00007f9f04e07000,0x00007f9f04f08000)]
  0x00007f9f1c0cc000 JavaThread "C2 CompilerThread1" daemon [_thread_blocked, id=8316, stack(0x00007f9f04f08000,0x00007f9f05009000)]
  0x00007f9f1c0c9000 JavaThread "C2 CompilerThread0" daemon [_thread_blocked, id=8315, stack(0x00007f9f05009000,0x00007f9f0510a000)]
  0x00007f9ee4001000 JavaThread "JDWP Command Reader" daemon [_thread_in_native, id=8311, stack(0x00007f9f0510a000,0x00007f9f0520b000)]
  0x00007f9f1c0c7000 JavaThread "JDWP Event Helper Thread" daemon [_thread_blocked, id=8310, stack(0x00007f9f0520b000,0x00007f9f0530c000)]
  0x00007f9f1c0c3800 JavaThread "JDWP Transport Listener: dt_socket" daemon [_thread_blocked, id=8309, stack(0x00007f9f0530c000,0x00007f9f0540d000)]
  0x00007f9f1c0b7000 JavaThread "Signal Dispatcher" daemon [_thread_in_vm, id=8258, stack(0x00007f9f05611000,0x00007f9f05712000)]
  0x00007f9f1c082800 JavaThread "Finalizer" daemon [_thread_blocked, id=8257, stack(0x00007f9f05712000,0x00007f9f05813000)]
  0x00007f9f1c080000 JavaThread "Reference Handler" daemon [_thread_blocked, id=8256, stack(0x00007f9f05813000,0x00007f9f05914000)]

Other Threads:
  0x00007f9f1c07b000 VMThread [stack: 0x00007f9f05914000,0x00007f9f05a15000] [id=8255]
  0x00007f9f1c0ef000 WatcherThread [stack: 0x00007f9f04c05000,0x00007f9f04d06000] [id=8320]

VM state:not at safepoint (normal execution)

VM Mutex/Monitor currently owned by a thread:  ([mutex/lock_event])
[0x00007f9f1c009430] Threads_lock - owner thread: 0x00007f9f1c0b7000

Heap:
 PSYoungGen      total 36864K, used 9524K [0x00000000d6c00000, 0x00000000d9500000, 0x0000000100000000)
  eden space 31744K, 30% used [0x00000000d6c00000,0x00000000d754d110,0x00000000d8b00000)
  from space 5120K, 0% used [0x00000000d9000000,0x00000000d9000000,0x00000000d9500000)
  to   space 5120K, 0% used [0x00000000d8b00000,0x00000000d8b00000,0x00000000d9000000)
 ParOldGen       total 84992K, used 0K [0x0000000084400000, 0x0000000089700000, 0x00000000d6c00000)
  object space 84992K, 0% used [0x0000000084400000,0x0000000084400000,0x0000000089700000)
 Metaspace       used 9925K, capacity 10110K, committed 10240K, reserved 1058816K
  class space    used 1132K, capacity 1219K, committed 1280K, reserved 1048576K

Card table byte_map: [0x00007f9f0bb4b000,0x00007f9f0bf2a000] byte_map_base: 0x00007f9f0b729000

Marking Bits: (ParMarkBitMap*) 0x00007f9f222b0de0
 Begin Bits: [0x00007f9f077d4000, 0x00007f9f096c4000)
 End Bits:   [0x00007f9f096c4000, 0x00007f9f0b5b4000)

Polling page: 0x00007f9f22efe000

CodeCache: size=245760Kb used=2067Kb max_used=2070Kb free=243692Kb
 bounds [0x00007f9f0c2ea000, 0x00007f9f0c55a000, 0x00007f9f1b2ea000]
 total_blobs=926 nmethods=426 adapters=422
 compilation: enabled

Compilation events (10 events):
Event: 7.286 Thread 0x00007f9f1c0c9000  421       4       sun.util.logging.PlatformLogger$DefaultLoggerProxy::doLog (22 bytes)
Event: 7.289 Thread 0x00007f9f1c0c9000 nmethod 421 0x00007f9f0c4ef850 code [0x00007f9f0c4ef9a0, 0x00007f9f0c4efb78]
Event: 9.875 Thread 0x00007f9f1c0ce000  422   !   3       sun.awt.X11.XToolkit::getNextTaskTime (55 bytes)
Event: 9.877 Thread 0x00007f9f1c0ce000 nmethod 422 0x00007f9f0c4edf50 code [0x00007f9f0c4ee180, 0x00007f9f0c4eeef8]
Event: 19.399 Thread 0x00007f9f1c0ce000  424       3       org.netbeans.modules.debugger.jpda.visual.remote.RemoteAWTService::access$400 (4 bytes)
Event: 19.399 Thread 0x00007f9f1c0ce000 nmethod 424 0x00007f9f0c4edc50 code [0x00007f9f0c4edda0, 0x00007f9f0c4eded0]
Event: 32.118 Thread 0x00007f9f1c0ce000  425       3       org.netbeans.modules.debugger.jpda.visual.remote.RemoteAWTService::access$000 (4 bytes)
Event: 32.118 Thread 0x00007f9f1c0ce000 nmethod 425 0x00007f9f0c4ed950 code [0x00007f9f0c4edaa0, 0x00007f9f0c4edbf0]
Event: 32.118 Thread 0x00007f9f1c0ce000  426       3       org.netbeans.modules.debugger.jpda.visual.remote.RemoteAWTService::access$100 (4 bytes)
Event: 32.118 Thread 0x00007f9f1c0ce000 nmethod 426 0x00007f9f0c4ed650 code [0x00007f9f0c4ed7a0, 0x00007f9f0c4ed8f0]

GC Heap History (0 events):
No events

Deoptimization events (1 events):
Event: 4.310 Thread 0x00007f9f1c00d000 Uncommon trap: reason=null_check action=make_not_entrant pc=0x00007f9f0c45ea60 method=java.lang.String.equals(Ljava/lang/Object;)Z @ 8

Internal exceptions (10 events):
Event: 0.106 Thread 0x00007f9f1c00d000 Exception <a 'java/lang/NoSuchMethodError': Method sun.misc.Unsafe.prefetchRead(Ljava/lang/Object;J)V name or signature does not match> (0x00000000d6c12d48) thrown at [/HUDSON/workspace/8-2-build-linux-amd64/jdk8u60/4407/hotspot/src/share/vm/prims/jni.cpp
Event: 2.419 Thread 0x00007f9f1c00d000 Exception <a 'java/security/PrivilegedActionException'> (0x00000000d6c77b28) thrown at [/HUDSON/workspace/8-2-build-linux-amd64/jdk8u60/4407/hotspot/src/share/vm/prims/jvm.cpp, line 1386]
Event: 2.419 Thread 0x00007f9f1c00d000 Exception <a 'java/security/PrivilegedActionException'> (0x00000000d6c77d38) thrown at [/HUDSON/workspace/8-2-build-linux-amd64/jdk8u60/4407/hotspot/src/share/vm/prims/jvm.cpp, line 1386]
Event: 2.421 Thread 0x00007f9f1c00d000 Exception <a 'java/security/PrivilegedActionException'> (0x00000000d6c7a0a0) thrown at [/HUDSON/workspace/8-2-build-linux-amd64/jdk8u60/4407/hotspot/src/share/vm/prims/jvm.cpp, line 1386]
Event: 2.421 Thread 0x00007f9f1c00d000 Exception <a 'java/security/PrivilegedActionException'> (0x00000000d6c7a2b0) thrown at [/HUDSON/workspace/8-2-build-linux-amd64/jdk8u60/4407/hotspot/src/share/vm/prims/jvm.cpp, line 1386]
Event: 3.125 Thread 0x00007f9f1c00d000 Exception <a 'java/lang/NoSuchFieldError': method resolution failed> (0x00000000d6f22918) thrown at [/HUDSON/workspace/8-2-build-linux-amd64/jdk8u60/4407/hotspot/src/share/vm/prims/methodHandles.cpp, line 1146]
Event: 3.170 Thread 0x00007f9f1c00d000 Exception <a 'java/lang/NoSuchFieldError': method resolution failed> (0x00000000d6f300e8) thrown at [/HUDSON/workspace/8-2-build-linux-amd64/jdk8u60/4407/hotspot/src/share/vm/prims/methodHandles.cpp, line 1146]
Event: 3.388 Thread 0x00007f9f1c00d000 Exception <a 'java/io/FileNotFoundException'> (0x00000000d6fb0290) thrown at [/HUDSON/workspace/8-2-build-linux-amd64/jdk8u60/4407/hotspot/src/share/vm/prims/jni.cpp, line 709]
Event: 3.388 Thread 0x00007f9f1c00d000 Exception <a 'java/io/FileNotFoundException'> (0x00000000d6fb0c40) thrown at [/HUDSON/workspace/8-2-build-linux-amd64/jdk8u60/4407/hotspot/src/share/vm/prims/jni.cpp, line 709]
Event: 4.310 Thread 0x00007f9f1c00d000 Implicit null exception at 0x00007f9f0c45e7c5 to 0x00007f9f0c45ea51

Events (10 events):
Event: 29.050 Executing VM operation: ChangeBreakpoints
Event: 29.050 Executing VM operation: ChangeBreakpoints done
Event: 29.513 Executing VM operation: ChangeBreakpoints
Event: 29.513 Executing VM operation: ChangeBreakpoints done
Event: 29.918 Executing VM operation: ChangeBreakpoints
Event: 29.918 Executing VM operation: ChangeBreakpoints done
Event: 30.704 Executing VM operation: ChangeBreakpoints
Event: 30.704 Executing VM operation: ChangeBreakpoints done
Event: 31.106 Executing VM operation: ChangeBreakpoints
Event: 31.106 Executing VM operation: ChangeBreakpoints done


Dynamic libraries:
00400000-00401000 r-xp 00000000 08:06 10227863                           /usr/lib/jvm/jdk1.8.0_60/bin/java
00600000-00601000 rw-p 00000000 08:06 10227863                           /usr/lib/jvm/jdk1.8.0_60/bin/java
014f0000-01511000 rw-p 00000000 00:00 0                                  [heap]
84400000-89700000 rw-p 00000000 00:00 0 
89700000-d6c00000 ---p 00000000 00:00 0 
d6c00000-d9500000 rw-p 00000000 00:00 0 
d9500000-100000000 ---p 00000000 00:00 0 
100000000-100140000 rw-p 00000000 00:00 0 
100140000-140000000 ---p 00000000 00:00 0 
7f9eac000000-7f9eac021000 rw-p 00000000 00:00 0 
7f9eac021000-7f9eb0000000 ---p 00000000 00:00 0 
7f9eb0000000-7f9eb0021000 rw-p 00000000 00:00 0 
7f9eb0021000-7f9eb4000000 ---p 00000000 00:00 0 
7f9eb4000000-7f9eb42b2000 rw-p 00000000 00:00 0 
7f9eb42b2000-7f9eb8000000 ---p 00000000 00:00 0 
7f9eb8000000-7f9eb8021000 rw-p 00000000 00:00 0 
7f9eb8021000-7f9ebc000000 ---p 00000000 00:00 0 
7f9ebc000000-7f9ebc021000 rw-p 00000000 00:00 0 
7f9ebc021000-7f9ec0000000 ---p 00000000 00:00 0 
7f9ec0000000-7f9ec0021000 rw-p 00000000 00:00 0 
7f9ec0021000-7f9ec4000000 ---p 00000000 00:00 0 
7f9ec5a69000-7f9ec5b6a000 rw-p 00000000 00:00 0 
7f9ec5b6a000-7f9ec5b6d000 ---p 00000000 00:00 0 
7f9ec5b6d000-7f9ec5d2b000 rw-p 00000000 00:00 0                          [stack:8408]
7f9ec5d2b000-7f9ec5e6b000 ---p 00000000 00:00 0 
7f9ec5e6b000-7f9ec5e6e000 ---p 00000000 00:00 0 
7f9ec5e6e000-7f9ec5f6c000 rw-p 00000000 00:00 0                          [stack:8400]
7f9ec5f6c000-7f9ec5fd5000 r-xp 00000000 08:06 10227728                   /usr/lib/jvm/jdk1.8.0_60/jre/lib/amd64/libt2k.so
7f9ec5fd5000-7f9ec61d5000 ---p 00069000 08:06 10227728                   /usr/lib/jvm/jdk1.8.0_60/jre/lib/amd64/libt2k.so
7f9ec61d5000-7f9ec61dc000 rw-p 00069000 08:06 10227728                   /usr/lib/jvm/jdk1.8.0_60/jre/lib/amd64/libt2k.so
7f9ec61dc000-7f9ec61ec000 rw-p 00000000 00:00 0 
7f9ec61ec000-7f9ec61fd000 r-xp 00000000 08:06 10227752                   /usr/lib/jvm/jdk1.8.0_60/jre/lib/amd64/libnio.so
7f9ec61fd000-7f9ec63fc000 ---p 00011000 08:06 10227752                   /usr/lib/jvm/jdk1.8.0_60/jre/lib/amd64/libnio.so
7f9ec63fc000-7f9ec63fd000 rw-p 00010000 08:06 10227752                   /usr/lib/jvm/jdk1.8.0_60/jre/lib/amd64/libnio.so
7f9ec63fd000-7f9ec66fe000 rw-p 00000000 00:00 0 
7f9ec66fe000-7f9ec6714000 r-xp 00000000 08:06 10227725                   /usr/lib/jvm/jdk1.8.0_60/jre/lib/amd64/libnet.so
7f9ec6714000-7f9ec6914000 ---p 00016000 08:06 10227725                   /usr/lib/jvm/jdk1.8.0_60/jre/lib/amd64/libnet.so
7f9ec6914000-7f9ec6915000 rw-p 00016000 08:06 10227725                   /usr/lib/jvm/jdk1.8.0_60/jre/lib/amd64/libnet.so
7f9ec6915000-7f9ec6918000 ---p 00000000 00:00 0 
7f9ec6918000-7f9ec6a16000 rw-p 00000000 00:00 0                          [stack:8393]
7f9ec6a16000-7f9ec6a19000 ---p 00000000 00:00 0 
7f9ec6a19000-7f9ec6b17000 rw-p 00000000 00:00 0                          [stack:8372]
7f9ec6b17000-7f9ec6b1c000 r-xp 00000000 08:06 20586427                   /usr/lib/x86_64-linux-gnu/libXfixes.so.3.1.0
7f9ec6b1c000-7f9ec6d1b000 ---p 00005000 08:06 20586427                   /usr/lib/x86_64-linux-gnu/libXfixes.so.3.1.0
7f9ec6d1b000-7f9ec6d1c000 r--p 00004000 08:06 20586427                   /usr/lib/x86_64-linux-gnu/libXfixes.so.3.1.0
7f9ec6d1c000-7f9ec6d1d000 rw-p 00005000 08:06 20586427                   /usr/lib/x86_64-linux-gnu/libXfixes.so.3.1.0
7f9ec6d1d000-7f9ec6d26000 r-xp 00000000 08:06 20586419                   /usr/lib/x86_64-linux-gnu/libXcursor.so.1.0.2
7f9ec6d26000-7f9ec6f25000 ---p 00009000 08:06 20586419                   /usr/lib/x86_64-linux-gnu/libXcursor.so.1.0.2
7f9ec6f25000-7f9ec6f26000 r--p 00008000 08:06 20586419                   /usr/lib/x86_64-linux-gnu/libXcursor.so.1.0.2
7f9ec6f26000-7f9ec6f27000 rw-p 00009000 08:06 20586419                   /usr/lib/x86_64-linux-gnu/libXcursor.so.1.0.2
7f9ec6f27000-7f9ec6f3d000 r-xp 00000000 08:06 6819989                    /lib/x86_64-linux-gnu/libgcc_s.so.1
7f9ec6f3d000-7f9ec713c000 ---p 00016000 08:06 6819989                    /lib/x86_64-linux-gnu/libgcc_s.so.1
7f9ec713c000-7f9ec713d000 rw-p 00015000 08:06 6819989                    /lib/x86_64-linux-gnu/libgcc_s.so.1
7f9ec713d000-7f9ec71a3000 r-xp 00000000 08:06 10227729                   /usr/lib/jvm/jdk1.8.0_60/jre/lib/amd64/libfontmanager.so
7f9ec71a3000-7f9ec73a2000 ---p 00066000 08:06 10227729                   /usr/lib/jvm/jdk1.8.0_60/jre/lib/amd64/libfontmanager.so
7f9ec73a2000-7f9ec73a6000 rw-p 00065000 08:06 10227729                   /usr/lib/jvm/jdk1.8.0_60/jre/lib/amd64/libfontmanager.so
7f9ec73a6000-7f9ec73b7000 rw-p 00000000 00:00 0 
7f9ec73b7000-7f9ec73bc000 r-xp 00000000 08:06 20586423                   /usr/lib/x86_64-linux-gnu/libXdmcp.so.6.0.0
7f9ec73bc000-7f9ec75bb000 ---p 00005000 08:06 20586423                   /usr/lib/x86_64-linux-gnu/libXdmcp.so.6.0.0
7f9ec75bb000-7f9ec75bc000 r--p 00004000 08:06 20586423                   /usr/lib/x86_64-linux-gnu/libXdmcp.so.6.0.0
7f9ec75bc000-7f9ec75bd000 rw-p 00005000 08:06 20586423                   /usr/lib/x86_64-linux-gnu/libXdmcp.so.6.0.0
7f9ec75bd000-7f9ec75bf000 r-xp 00000000 08:06 20586412                   /usr/lib/x86_64-linux-gnu/libXau.so.6.0.0
7f9ec75bf000-7f9ec77bf000 ---p 00002000 08:06 20586412                   /usr/lib/x86_64-linux-gnu/libXau.so.6.0.0
7f9ec77bf000-7f9ec77c0000 r--p 00002000 08:06 20586412                   /usr/lib/x86_64-linux-gnu/libXau.so.6.0.0
7f9ec77c0000-7f9ec77c1000 rw-p 00003000 08:06 20586412                   /usr/lib/x86_64-linux-gnu/libXau.so.6.0.0
7f9ec77c1000-7f9ec77de000 r-xp 00000000 08:06 20587610                   /usr/lib/x86_64-linux-gnu/libxcb.so.1.1.0
7f9ec77de000-7f9ec79de000 ---p 0001d000 08:06 20587610                   /usr/lib/x86_64-linux-gnu/libxcb.so.1.1.0
7f9ec79de000-7f9ec79df000 r--p 0001d000 08:06 20587610                   /usr/lib/x86_64-linux-gnu/libxcb.so.1.1.0
7f9ec79df000-7f9ec79e0000 rw-p 0001e000 08:06 20587610                   /usr/lib/x86_64-linux-gnu/libxcb.so.1.1.0
7f9ec79e0000-7f9ec79ef000 r-xp 00000000 08:06 20586433                   /usr/lib/x86_64-linux-gnu/libXi.so.6.1.0
7f9ec79ef000-7f9ec7bee000 ---p 0000f000 08:06 20586433                   /usr/lib/x86_64-linux-gnu/libXi.so.6.1.0
7f9ec7bee000-7f9ec7bef000 r--p 0000e000 08:06 20586433                   /usr/lib/x86_64-linux-gnu/libXi.so.6.1.0
7f9ec7bef000-7f9ec7bf0000 rw-p 0000f000 08:06 20586433                   /usr/lib/x86_64-linux-gnu/libXi.so.6.1.0
7f9ec7bf0000-7f9ec7bf5000 r-xp 00000000 08:06 20586453                   /usr/lib/x86_64-linux-gnu/libXtst.so.6.1.0
7f9ec7bf5000-7f9ec7df4000 ---p 00005000 08:06 20586453                   /usr/lib/x86_64-linux-gnu/libXtst.so.6.1.0
7f9ec7df4000-7f9ec7df5000 r--p 00004000 08:06 20586453                   /usr/lib/x86_64-linux-gnu/libXtst.so.6.1.0
7f9ec7df5000-7f9ec7df6000 rw-p 00005000 08:06 20586453                   /usr/lib/x86_64-linux-gnu/libXtst.so.6.1.0
7f9ec7df6000-7f9ec7dff000 r-xp 00000000 08:06 20586447                   /usr/lib/x86_64-linux-gnu/libXrender.so.1.3.0
7f9ec7dff000-7f9ec7ffe000 ---p 00009000 08:06 20586447                   /usr/lib/x86_64-linux-gnu/libXrender.so.1.3.0
7f9ec7ffe000-7f9ec7fff000 r--p 00008000 08:06 20586447                   /usr/lib/x86_64-linux-gnu/libXrender.so.1.3.0
7f9ec7fff000-7f9ec8000000 rw-p 00009000 08:06 20586447                   /usr/lib/x86_64-linux-gnu/libXrender.so.1.3.0
7f9ec8000000-7f9ec8239000 rw-p 00000000 00:00 0 
7f9ec8239000-7f9ecc000000 ---p 00000000 00:00 0 
7f9ecc000000-7f9ecc021000 rw-p 00000000 00:00 0 
7f9ecc021000-7f9ed0000000 ---p 00000000 00:00 0 
7f9ed0000000-7f9ed00ed000 rw-p 00000000 00:00 0 
7f9ed00ed000-7f9ed4000000 ---p 00000000 00:00 0 
7f9ed4000000-7f9ed4064000 rw-p 00000000 00:00 0 
7f9ed4064000-7f9ed8000000 ---p 00000000 00:00 0 
7f9ed8000000-7f9ed8029000 rw-p 00000000 00:00 0 
7f9ed8029000-7f9edc000000 ---p 00000000 00:00 0 
7f9edc000000-7f9edc021000 rw-p 00000000 00:00 0 
7f9edc021000-7f9ee0000000 ---p 00000000 00:00 0 
7f9ee0000000-7f9ee0021000 rw-p 00000000 00:00 0 
7f9ee0021000-7f9ee4000000 ---p 00000000 00:00 0 
7f9ee4000000-7f9ee404c000 rw-p 00000000 00:00 0 
7f9ee404c000-7f9ee8000000 ---p 00000000 00:00 0 
7f9ee8000000-7f9ee8021000 rw-p 00000000 00:00 0 
7f9ee8021000-7f9eec000000 ---p 00000000 00:00 0 
7f9eec000000-7f9eec021000 rw-p 00000000 00:00 0 
7f9eec021000-7f9ef0000000 ---p 00000000 00:00 0 
7f9ef0000000-7f9ef0021000 rw-p 00000000 00:00 0 
7f9ef0021000-7f9ef4000000 ---p 00000000 00:00 0 
7f9ef4000000-7f9ef4021000 rw-p 00000000 00:00 0 
7f9ef4021000-7f9ef8000000 ---p 00000000 00:00 0 
7f9ef8000000-7f9ef8021000 rw-p 00000000 00:00 0 
7f9ef8021000-7f9efc000000 ---p 00000000 00:00 0 
7f9efc000000-7f9efc021000 rw-p 00000000 00:00 0 
7f9efc021000-7f9f00000000 ---p 00000000 00:00 0 
7f9f00000000-7f9f00021000 rw-p 00000000 00:00 0 
7f9f00021000-7f9f04000000 ---p 00000000 00:00 0 
7f9f04075000-7f9f04078000 ---p 00000000 00:00 0 
7f9f04078000-7f9f04176000 rw-p 00000000 00:00 0                          [stack:8371]
7f9f04176000-7f9f042a9000 r-xp 00000000 08:06 20586408                   /usr/lib/x86_64-linux-gnu/libX11.so.6.3.0
7f9f042a9000-7f9f044a9000 ---p 00133000 08:06 20586408                   /usr/lib/x86_64-linux-gnu/libX11.so.6.3.0
7f9f044a9000-7f9f044aa000 r--p 00133000 08:06 20586408                   /usr/lib/x86_64-linux-gnu/libX11.so.6.3.0
7f9f044aa000-7f9f044ae000 rw-p 00134000 08:06 20586408                   /usr/lib/x86_64-linux-gnu/libX11.so.6.3.0
7f9f044ae000-7f9f044af000 rw-p 00000000 00:00 0 
7f9f044af000-7f9f044c0000 r-xp 00000000 08:06 20586425                   /usr/lib/x86_64-linux-gnu/libXext.so.6.4.0
7f9f044c0000-7f9f046bf000 ---p 00011000 08:06 20586425                   /usr/lib/x86_64-linux-gnu/libXext.so.6.4.0
7f9f046bf000-7f9f046c0000 r--p 00010000 08:06 20586425                   /usr/lib/x86_64-linux-gnu/libXext.so.6.4.0
7f9f046c0000-7f9f046c1000 rw-p 00011000 08:06 20586425                   /usr/lib/x86_64-linux-gnu/libXext.so.6.4.0
7f9f046da000-7f9f0472e000 r-xp 00000000 08:06 10227739                   /usr/lib/jvm/jdk1.8.0_60/jre/lib/amd64/libawt_xawt.so
7f9f0472e000-7f9f0492e000 ---p 00054000 08:06 10227739                   /usr/lib/jvm/jdk1.8.0_60/jre/lib/amd64/libawt_xawt.so
7f9f0492e000-7f9f04932000 rw-p 00054000 08:06 10227739                   /usr/lib/jvm/jdk1.8.0_60/jre/lib/amd64/libawt_xawt.so
7f9f04932000-7f9f04933000 rw-p 00000000 00:00 0 
7f9f04933000-7f9f049d5000 r-xp 00000000 08:06 10227746                   /usr/lib/jvm/jdk1.8.0_60/jre/lib/amd64/libawt.so
7f9f049d5000-7f9f04bd5000 ---p 000a2000 08:06 10227746                   /usr/lib/jvm/jdk1.8.0_60/jre/lib/amd64/libawt.so
7f9f04bd5000-7f9f04be1000 rw-p 000a2000 08:06 10227746                   /usr/lib/jvm/jdk1.8.0_60/jre/lib/amd64/libawt.so
7f9f04be1000-7f9f04c05000 rw-p 00000000 00:00 0 
7f9f04c05000-7f9f04c06000 ---p 00000000 00:00 0 
7f9f04c06000-7f9f04d06000 rw-p 00000000 00:00 0                          [stack:8320]
7f9f04d06000-7f9f04d09000 ---p 00000000 00:00 0 
7f9f04d09000-7f9f04e07000 rw-p 00000000 00:00 0                          [stack:8318]
7f9f04e07000-7f9f04e0a000 ---p 00000000 00:00 0 
7f9f04e0a000-7f9f04f08000 rw-p 00000000 00:00 0                          [stack:8317]
7f9f04f08000-7f9f04f0b000 ---p 00000000 00:00 0 
7f9f04f0b000-7f9f05009000 rw-p 00000000 00:00 0                          [stack:8316]
7f9f05009000-7f9f0500c000 ---p 00000000 00:00 0 
7f9f0500c000-7f9f0510a000 rw-p 00000000 00:00 0                          [stack:8315]
7f9f0510a000-7f9f0510d000 ---p 00000000 00:00 0 
7f9f0510d000-7f9f0520b000 rw-p 00000000 00:00 0                          [stack:8311]
7f9f0520b000-7f9f0520e000 ---p 00000000 00:00 0 
7f9f0520e000-7f9f0530c000 rw-p 00000000 00:00 0                          [stack:8310]
7f9f0530c000-7f9f0530f000 ---p 00000000 00:00 0 
7f9f0530f000-7f9f0540d000 rw-p 00000000 00:00 0                          [stack:8309]
7f9f0540d000-7f9f05411000 r-xp 00000000 08:06 10227692                   /usr/lib/jvm/jdk1.8.0_60/jre/lib/amd64/libdt_socket.so
7f9f05411000-7f9f05610000 ---p 00004000 08:06 10227692                   /usr/lib/jvm/jdk1.8.0_60/jre/lib/amd64/libdt_socket.so
7f9f05610000-7f9f05611000 rw-p 00003000 08:06 10227692                   /usr/lib/jvm/jdk1.8.0_60/jre/lib/amd64/libdt_socket.so
7f9f05611000-7f9f05614000 ---p 00000000 00:00 0 
7f9f05614000-7f9f05712000 rw-p 00000000 00:00 0                          [stack:8258]
7f9f05712000-7f9f05715000 ---p 00000000 00:00 0 
7f9f05715000-7f9f05813000 rw-p 00000000 00:00 0                          [stack:8257]
7f9f05813000-7f9f05816000 ---p 00000000 00:00 0 
7f9f05816000-7f9f05914000 rw-p 00000000 00:00 0                          [stack:8256]
7f9f05914000-7f9f05915000 ---p 00000000 00:00 0 
7f9f05915000-7f9f069a8000 rw-p 00000000 00:00 0                          [stack:8255]
7f9f069a8000-7f9f06b80000 r--s 03d17000 08:06 10227770                   /usr/lib/jvm/jdk1.8.0_60/jre/lib/rt.jar
7f9f06b80000-7f9f0b5b4000 rw-p 00000000 00:00 0 
7f9f0b5b4000-7f9f0b5b5000 ---p 00000000 00:00 0 
7f9f0b5b5000-7f9f0b6b5000 rw-p 00000000 00:00 0                          [stack:8254]
7f9f0b6b5000-7f9f0b6b6000 ---p 00000000 00:00 0 
7f9f0b6b6000-7f9f0b7b6000 rw-p 00000000 00:00 0                          [stack:8253]
7f9f0b7b6000-7f9f0b7b7000 ---p 00000000 00:00 0 
7f9f0b7b7000-7f9f0b8e1000 rw-p 00000000 00:00 0                          [stack:8252]
7f9f0b8e1000-7f9f0bb4b000 ---p 00000000 00:00 0 
7f9f0bb4b000-7f9f0bb75000 rw-p 00000000 00:00 0 
7f9f0bb75000-7f9f0bddf000 ---p 00000000 00:00 0 
7f9f0bddf000-7f9f0bdf4000 rw-p 00000000 00:00 0 
7f9f0bdf4000-7f9f0bf29000 ---p 00000000 00:00 0 
7f9f0bf29000-7f9f0bf34000 rw-p 00000000 00:00 0 
7f9f0bf34000-7f9f0c2ea000 ---p 00000000 00:00 0 
7f9f0c2ea000-7f9f0c55a000 rwxp 00000000 00:00 0 
7f9f0c55a000-7f9f1b2ea000 ---p 00000000 00:00 0 
7f9f1b2ea000-7f9f1b304000 r-xp 00000000 08:06 10227720                   /usr/lib/jvm/jdk1.8.0_60/jre/lib/amd64/libzip.so
7f9f1b304000-7f9f1b504000 ---p 0001a000 08:06 10227720                   /usr/lib/jvm/jdk1.8.0_60/jre/lib/amd64/libzip.so
7f9f1b504000-7f9f1b505000 rw-p 0001a000 08:06 10227720                   /usr/lib/jvm/jdk1.8.0_60/jre/lib/amd64/libzip.so
7f9f1b505000-7f9f1b511000 r-xp 00000000 08:06 6820063                    /lib/x86_64-linux-gnu/libnss_files-2.21.so
7f9f1b511000-7f9f1b710000 ---p 0000c000 08:06 6820063                    /lib/x86_64-linux-gnu/libnss_files-2.21.so
7f9f1b710000-7f9f1b711000 r--p 0000b000 08:06 6820063                    /lib/x86_64-linux-gnu/libnss_files-2.21.so
7f9f1b711000-7f9f1b712000 rw-p 0000c000 08:06 6820063                    /lib/x86_64-linux-gnu/libnss_files-2.21.so
7f9f1b712000-7f9f1b71d000 r-xp 00000000 08:06 6820073                    /lib/x86_64-linux-gnu/libnss_nis-2.21.so
7f9f1b71d000-7f9f1b91c000 ---p 0000b000 08:06 6820073                    /lib/x86_64-linux-gnu/libnss_nis-2.21.so
7f9f1b91c000-7f9f1b91d000 r--p 0000a000 08:06 6820073                    /lib/x86_64-linux-gnu/libnss_nis-2.21.so
7f9f1b91d000-7f9f1b91e000 rw-p 0000b000 08:06 6820073                    /lib/x86_64-linux-gnu/libnss_nis-2.21.so
7f9f1b91e000-7f9f1c000000 r--p 00000000 08:06 20585469                   /usr/lib/locale/locale-archive
7f9f1c000000-7f9f1c265000 rw-p 00000000 00:00 0 
7f9f1c265000-7f9f20000000 ---p 00000000 00:00 0 
7f9f20007000-7f9f20056000 rw-p 00000000 00:00 0 
7f9f20056000-7f9f20057000 ---p 00000000 00:00 0 
7f9f20057000-7f9f20157000 rw-p 00000000 00:00 0                          [stack:8251]
7f9f20157000-7f9f2016e000 r-xp 00000000 08:06 6820057                    /lib/x86_64-linux-gnu/libnsl-2.21.so
7f9f2016e000-7f9f2036d000 ---p 00017000 08:06 6820057                    /lib/x86_64-linux-gnu/libnsl-2.21.so
7f9f2036d000-7f9f2036e000 r--p 00016000 08:06 6820057                    /lib/x86_64-linux-gnu/libnsl-2.21.so
7f9f2036e000-7f9f2036f000 rw-p 00017000 08:06 6820057                    /lib/x86_64-linux-gnu/libnsl-2.21.so
7f9f2036f000-7f9f20371000 rw-p 00000000 00:00 0 
7f9f20371000-7f9f20379000 r-xp 00000000 08:06 6820059                    /lib/x86_64-linux-gnu/libnss_compat-2.21.so
7f9f20379000-7f9f20578000 ---p 00008000 08:06 6820059                    /lib/x86_64-linux-gnu/libnss_compat-2.21.so
7f9f20578000-7f9f20579000 r--p 00007000 08:06 6820059                    /lib/x86_64-linux-gnu/libnss_compat-2.21.so
7f9f20579000-7f9f2057a000 rw-p 00008000 08:06 6820059                    /lib/x86_64-linux-gnu/libnss_compat-2.21.so
7f9f2057a000-7f9f2057c000 r-xp 00000000 08:06 10227702                   /usr/lib/jvm/jdk1.8.0_60/jre/lib/amd64/libnpt.so
7f9f2057c000-7f9f2077c000 ---p 00002000 08:06 10227702                   /usr/lib/jvm/jdk1.8.0_60/jre/lib/amd64/libnpt.so
7f9f2077c000-7f9f2077d000 rw-p 00002000 08:06 10227702                   /usr/lib/jvm/jdk1.8.0_60/jre/lib/amd64/libnpt.so
7f9f2077d000-7f9f207b6000 r-xp 00000000 08:06 10227709                   /usr/lib/jvm/jdk1.8.0_60/jre/lib/amd64/libjdwp.so
7f9f207b6000-7f9f209b5000 ---p 00039000 08:06 10227709                   /usr/lib/jvm/jdk1.8.0_60/jre/lib/amd64/libjdwp.so
7f9f209b5000-7f9f209b7000 rw-p 00038000 08:06 10227709                   /usr/lib/jvm/jdk1.8.0_60/jre/lib/amd64/libjdwp.so
7f9f209b7000-7f9f209e1000 r-xp 00000000 08:06 10227698                   /usr/lib/jvm/jdk1.8.0_60/jre/lib/amd64/libjava.so
7f9f209e1000-7f9f20be1000 ---p 0002a000 08:06 10227698                   /usr/lib/jvm/jdk1.8.0_60/jre/lib/amd64/libjava.so
7f9f20be1000-7f9f20be3000 rw-p 0002a000 08:06 10227698                   /usr/lib/jvm/jdk1.8.0_60/jre/lib/amd64/libjava.so
7f9f20be3000-7f9f20bf0000 r-xp 00000000 08:06 10227714                   /usr/lib/jvm/jdk1.8.0_60/jre/lib/amd64/libverify.so
7f9f20bf0000-7f9f20df0000 ---p 0000d000 08:06 10227714                   /usr/lib/jvm/jdk1.8.0_60/jre/lib/amd64/libverify.so
7f9f20df0000-7f9f20df2000 rw-p 0000d000 08:06 10227714                   /usr/lib/jvm/jdk1.8.0_60/jre/lib/amd64/libverify.so
7f9f20df2000-7f9f20df9000 r-xp 00000000 08:06 6820118                    /lib/x86_64-linux-gnu/librt-2.21.so
7f9f20df9000-7f9f20ff8000 ---p 00007000 08:06 6820118                    /lib/x86_64-linux-gnu/librt-2.21.so
7f9f20ff8000-7f9f20ff9000 r--p 00006000 08:06 6820118                    /lib/x86_64-linux-gnu/librt-2.21.so
7f9f20ff9000-7f9f20ffa000 rw-p 00007000 08:06 6820118                    /lib/x86_64-linux-gnu/librt-2.21.so
7f9f20ffa000-7f9f21101000 r-xp 00000000 08:06 6820036                    /lib/x86_64-linux-gnu/libm-2.21.so
7f9f21101000-7f9f21300000 ---p 00107000 08:06 6820036                    /lib/x86_64-linux-gnu/libm-2.21.so
7f9f21300000-7f9f21301000 r--p 00106000 08:06 6820036                    /lib/x86_64-linux-gnu/libm-2.21.so
7f9f21301000-7f9f21302000 rw-p 00107000 08:06 6820036                    /lib/x86_64-linux-gnu/libm-2.21.so
7f9f21302000-7f9f21fc0000 r-xp 00000000 08:06 10227736                   /usr/lib/jvm/jdk1.8.0_60/jre/lib/amd64/server/libjvm.so
7f9f21fc0000-7f9f221bf000 ---p 00cbe000 08:06 10227736                   /usr/lib/jvm/jdk1.8.0_60/jre/lib/amd64/server/libjvm.so
7f9f221bf000-7f9f22297000 rw-p 00cbd000 08:06 10227736                   /usr/lib/jvm/jdk1.8.0_60/jre/lib/amd64/server/libjvm.so
7f9f22297000-7f9f222dc000 rw-p 00000000 00:00 0 
7f9f222dc000-7f9f2249c000 r-xp 00000000 08:06 6819977                    /lib/x86_64-linux-gnu/libc-2.21.so
7f9f2249c000-7f9f2269c000 ---p 001c0000 08:06 6819977                    /lib/x86_64-linux-gnu/libc-2.21.so
7f9f2269c000-7f9f226a0000 r--p 001c0000 08:06 6819977                    /lib/x86_64-linux-gnu/libc-2.21.so
7f9f226a0000-7f9f226a2000 rw-p 001c4000 08:06 6819977                    /lib/x86_64-linux-gnu/libc-2.21.so
7f9f226a2000-7f9f226a6000 rw-p 00000000 00:00 0 
7f9f226a6000-7f9f226a9000 r-xp 00000000 08:06 6819994                    /lib/x86_64-linux-gnu/libdl-2.21.so
7f9f226a9000-7f9f228a8000 ---p 00003000 08:06 6819994                    /lib/x86_64-linux-gnu/libdl-2.21.so
7f9f228a8000-7f9f228a9000 r--p 00002000 08:06 6819994                    /lib/x86_64-linux-gnu/libdl-2.21.so
7f9f228a9000-7f9f228aa000 rw-p 00003000 08:06 6819994                    /lib/x86_64-linux-gnu/libdl-2.21.so
7f9f228aa000-7f9f228bf000 r-xp 00000000 08:06 10226781                   /usr/lib/jvm/jdk1.8.0_60/lib/amd64/jli/libjli.so
7f9f228bf000-7f9f22abf000 ---p 00015000 08:06 10226781                   /usr/lib/jvm/jdk1.8.0_60/lib/amd64/jli/libjli.so
7f9f22abf000-7f9f22ac0000 rw-p 00015000 08:06 10226781                   /usr/lib/jvm/jdk1.8.0_60/lib/amd64/jli/libjli.so
7f9f22ac0000-7f9f22ad8000 r-xp 00000000 08:06 6820110                    /lib/x86_64-linux-gnu/libpthread-2.21.so
7f9f22ad8000-7f9f22cd8000 ---p 00018000 08:06 6820110                    /lib/x86_64-linux-gnu/libpthread-2.21.so
7f9f22cd8000-7f9f22cd9000 r--p 00018000 08:06 6820110                    /lib/x86_64-linux-gnu/libpthread-2.21.so
7f9f22cd9000-7f9f22cda000 rw-p 00019000 08:06 6820110                    /lib/x86_64-linux-gnu/libpthread-2.21.so
7f9f22cda000-7f9f22cde000 rw-p 00000000 00:00 0 
7f9f22cde000-7f9f22d02000 r-xp 00000000 08:06 6819949                    /lib/x86_64-linux-gnu/ld-2.21.so
7f9f22d16000-7f9f22de1000 rw-p 00000000 00:00 0 
7f9f22de1000-7f9f22de4000 ---p 00000000 00:00 0 
7f9f22de4000-7f9f22ee6000 rw-p 00000000 00:00 0                          [stack:8248]
7f9f22ef3000-7f9f22ef5000 rw-p 00000000 00:00 0 
7f9f22ef5000-7f9f22efd000 rw-s 00000000 08:06 12976607                   /tmp/hsperfdata_ritz619/8245
7f9f22efd000-7f9f22efe000 rw-p 00000000 00:00 0 
7f9f22efe000-7f9f22eff000 r--p 00000000 00:00 0 
7f9f22eff000-7f9f22f01000 rw-p 00000000 00:00 0 
7f9f22f01000-7f9f22f02000 r--p 00023000 08:06 6819949                    /lib/x86_64-linux-gnu/ld-2.21.so
7f9f22f02000-7f9f22f03000 rw-p 00024000 08:06 6819949                    /lib/x86_64-linux-gnu/ld-2.21.so
7f9f22f03000-7f9f22f04000 rw-p 00000000 00:00 0 
7fff3a2d0000-7fff3a2f1000 rw-p 00000000 00:00 0                          [stack]
7fff3a364000-7fff3a366000 r--p 00000000 00:00 0                          [vvar]
7fff3a366000-7fff3a368000 r-xp 00000000 00:00 0                          [vdso]
ffffffffff600000-ffffffffff601000 r-xp 00000000 00:00 0                  [vsyscall]

VM Arguments:
jvm_args: -Xdebug -Xrunjdwp:transport=dt_socket,address=localhost:33951 -Dfile.encoding=UTF-8 
java_command: snakenladder.SnakeNladder
java_class_path (initial): /home/ritz619/NetBeansProjects/SnakeNladder/build/classes
Launcher Type: SUN_STANDARD

Environment Variables:
JAVA_HOME=/usr/lib/jvm/java-7-oracle
PATH=/usr/local/sbin:/usr/local/bin:/usr/sbin:/usr/bin:/sbin:/bin:/usr/games:/usr/local/games:/usr/lib/jvm/java-7-oracle/bin:/usr/lib/jvm/java-7-oracle/db/bin:/usr/lib/jvm/java-7-oracle/jre/bin
LD_LIBRARY_PATH=/usr/lib/jvm/jdk1.8.0_60/jre/lib/amd64:/usr/lib/jvm/jdk1.8.0_60/jre/lib/i386:
SHELL=/bin/bash
DISPLAY=:0

Signal Handlers:
SIGSEGV: [libjvm.so+0xaba070], sa_mask[0]=11111111011111111101111111111110, sa_flags=SA_RESTART|SA_SIGINFO
SIGBUS: [libjvm.so+0xaba070], sa_mask[0]=11111111011111111101111111111110, sa_flags=SA_RESTART|SA_SIGINFO
SIGFPE: [libjvm.so+0x917630], sa_mask[0]=11111111011111111101111111111110, sa_flags=SA_RESTART|SA_SIGINFO
SIGPIPE: [libjvm.so+0x917630], sa_mask[0]=11111111011111111101111111111110, sa_flags=SA_RESTART|SA_SIGINFO
SIGXFSZ: [libjvm.so+0x917630], sa_mask[0]=11111111011111111101111111111110, sa_flags=SA_RESTART|SA_SIGINFO
SIGILL: [libjvm.so+0x917630], sa_mask[0]=11111111011111111101111111111110, sa_flags=SA_RESTART|SA_SIGINFO
SIGUSR1: SIG_DFL, sa_mask[0]=00000000000000000000000000000000, sa_flags=none
SIGUSR2: [libjvm.so+0x918c60], sa_mask[0]=00100000000000000000000000000000, sa_flags=SA_RESTART|SA_SIGINFO
SIGHUP: [libjvm.so+0x91a060], sa_mask[0]=11111111011111111101111111111110, sa_flags=SA_RESTART|SA_SIGINFO
SIGINT: SIG_IGN, sa_mask[0]=00000000000000000000000000000000, sa_flags=none
SIGTERM: [libjvm.so+0x91a060], sa_mask[0]=11111111011111111101111111111110, sa_flags=SA_RESTART|SA_SIGINFO
SIGQUIT: [libjvm.so+0x91a060], sa_mask[0]=11111111011111111101111111111110, sa_flags=SA_RESTART|SA_SIGINFO


---------------  S Y S T E M  ---------------

OS:DISTRIB_ID=Ubuntu
DISTRIB_RELEASE=15.04
DISTRIB_CODENAME=vivid
DISTRIB_DESCRIPTION="Ubuntu 15.04"

uname:Linux 3.19.0-43-generic #49-Ubuntu SMP Sun Dec 27 19:43:07 UTC 2015 x86_64
libc:glibc 2.21 NPTL 2.21 
rlimit: STACK 8192k, CORE 0k, NPROC 31356, NOFILE 65536, AS infinity
load average:6.27 1.84 0.93

/proc/meminfo:
MemTotal:        8104136 kB
MemFree:         3726280 kB
MemAvailable:    5216016 kB
Buffers:          304720 kB
Cached:          1467500 kB
SwapCached:            0 kB
Active:          3305152 kB
Inactive:         723840 kB
Active(anon):    2258376 kB
Inactive(anon):   229624 kB
Active(file):    1046776 kB
Inactive(file):   494216 kB
Unevictable:          56 kB
Mlocked:              56 kB
SwapTotal:             0 kB
SwapFree:              0 kB
Dirty:               172 kB
Writeback:             0 kB
AnonPages:       2251004 kB
Mapped:           210000 kB
Shmem:            230908 kB
Slab:             240240 kB
SReclaimable:     202148 kB
SUnreclaim:        38092 kB
KernelStack:       20752 kB
PageTables:        29468 kB
NFS_Unstable:          0 kB
Bounce:                0 kB
WritebackTmp:          0 kB
CommitLimit:     4052068 kB
Committed_AS:    9954172 kB
VmallocTotal:   34359738367 kB
VmallocUsed:      551776 kB
VmallocChunk:   34359119276 kB
HardwareCorrupted:     0 kB
AnonHugePages:   1261568 kB
CmaTotal:              0 kB
CmaFree:               0 kB
HugePages_Total:       0
HugePages_Free:        0
HugePages_Rsvd:        0
HugePages_Surp:        0
Hugepagesize:       2048 kB
DirectMap4k:      152192 kB
DirectMap2M:     5019648 kB
DirectMap1G:     4194304 kB


CPU:total 4 (2 cores per cpu, 2 threads per core) family 6 model 69 stepping 1, cmov, cx8, fxsr, mmx, sse, sse2, sse3, ssse3, sse4.1, sse4.2, popcnt, avx, avx2, aes, clmul, erms, lzcnt, ht, tsc, tscinvbit, bmi1, bmi2

/proc/cpuinfo:
processor	: 0
vendor_id	: GenuineIntel
cpu family	: 6
model		: 69
model name	: Intel(R) Core(TM) i5-4210U CPU @ 1.70GHz
stepping	: 1
microcode	: 0x17
cpu MHz		: 1599.937
cache size	: 3072 KB
physical id	: 0
siblings	: 4
core id		: 0
cpu cores	: 2
apicid		: 0
initial apicid	: 0
fpu		: yes
fpu_exception	: yes
cpuid level	: 13
wp		: yes
flags		: fpu vme de pse tsc msr pae mce cx8 apic sep mtrr pge mca cmov pat pse36 clflush dts acpi mmx fxsr sse sse2 ss ht tm pbe syscall nx pdpe1gb rdtscp lm constant_tsc arch_perfmon pebs bts rep_good nopl xtopology nonstop_tsc aperfmperf eagerfpu pni pclmulqdq dtes64 monitor ds_cpl vmx est tm2 ssse3 fma cx16 xtpr pdcm pcid sse4_1 sse4_2 movbe popcnt tsc_deadline_timer aes xsave avx f16c rdrand lahf_lm abm ida arat epb pln pts dtherm tpr_shadow vnmi flexpriority ept vpid fsgsbase tsc_adjust bmi1 avx2 smep bmi2 erms invpcid xsaveopt
bugs		:
bogomips	: 4788.73
clflush size	: 64
cache_alignment	: 64
address sizes	: 39 bits physical, 48 bits virtual
power management:

processor	: 1
vendor_id	: GenuineIntel
cpu family	: 6
model		: 69
model name	: Intel(R) Core(TM) i5-4210U CPU @ 1.70GHz
stepping	: 1
microcode	: 0x17
cpu MHz		: 1599.937
cache size	: 3072 KB
physical id	: 0
siblings	: 4
core id		: 0
cpu cores	: 2
apicid		: 1
initial apicid	: 1
fpu		: yes
fpu_exception	: yes
cpuid level	: 13
wp		: yes
flags		: fpu vme de pse tsc msr pae mce cx8 apic sep mtrr pge mca cmov pat pse36 clflush dts acpi mmx fxsr sse sse2 ss ht tm pbe syscall nx pdpe1gb rdtscp lm constant_tsc arch_perfmon pebs bts rep_good nopl xtopology nonstop_tsc aperfmperf eagerfpu pni pclmulqdq dtes64 monitor ds_cpl vmx est tm2 ssse3 fma cx16 xtpr pdcm pcid sse4_1 sse4_2 movbe popcnt tsc_deadline_timer aes xsave avx f16c rdrand lahf_lm abm ida arat epb pln pts dtherm tpr_shadow vnmi flexpriority ept vpid fsgsbase tsc_adjust bmi1 avx2 smep bmi2 erms invpcid xsaveopt
bugs		:
bogomips	: 4788.73
clflush size	: 64
cache_alignment	: 64
address sizes	: 39 bits physical, 48 bits virtual
power management:

processor	: 2
vendor_id	: GenuineIntel
cpu family	: 6
model		: 69
model name	: Intel(R) Core(TM) i5-4210U CPU @ 1.70GHz
stepping	: 1
microcode	: 0x17
cpu MHz		: 1599.937
cache size	: 3072 KB
physical id	: 0
siblings	: 4
core id		: 1
cpu cores	: 2
apicid		: 2
initial apicid	: 2
fpu		: yes
fpu_exception	: yes
cpuid level	: 13
wp		: yes
flags		: fpu vme de pse tsc msr pae mce cx8 apic sep mtrr pge mca cmov pat pse36 clflush dts acpi mmx fxsr sse sse2 ss ht tm pbe syscall nx pdpe1gb rdtscp lm constant_tsc arch_perfmon pebs bts rep_good nopl xtopology nonstop_tsc aperfmperf eagerfpu pni pclmulqdq dtes64 monitor ds_cpl vmx est tm2 ssse3 fma cx16 xtpr pdcm pcid sse4_1 sse4_2 movbe popcnt tsc_deadline_timer aes xsave avx f16c rdrand lahf_lm abm ida arat epb pln pts dtherm tpr_shadow vnmi flexpriority ept vpid fsgsbase tsc_adjust bmi1 avx2 smep bmi2 erms invpcid xsaveopt
bugs		:
bogomips	: 4788.73
clflush size	: 64
cache_alignment	: 64
address sizes	: 39 bits physical, 48 bits virtual
power management:

processor	: 3
vendor_id	: GenuineIntel
cpu family	: 6
model		: 69
model name	: Intel(R) Core(TM) i5-4210U CPU @ 1.70GHz
stepping	: 1
microcode	: 0x17
cpu MHz		: 1599.937
cache size	: 3072 KB
physical id	: 0
siblings	: 4
core id		: 1
cpu cores	: 2
apicid		: 3
initial apicid	: 3
fpu		: yes
fpu_exception	: yes
cpuid level	: 13
wp		: yes
flags		: fpu vme de pse tsc msr pae mce cx8 apic sep mtrr pge mca cmov pat pse36 clflush dts acpi mmx fxsr sse sse2 ss ht tm pbe syscall nx pdpe1gb rdtscp lm constant_tsc arch_perfmon pebs bts rep_good nopl xtopology nonstop_tsc aperfmperf eagerfpu pni pclmulqdq dtes64 monitor ds_cpl vmx est tm2 ssse3 fma cx16 xtpr pdcm pcid sse4_1 sse4_2 movbe popcnt tsc_deadline_timer aes xsave avx f16c rdrand lahf_lm abm ida arat epb pln pts dtherm tpr_shadow vnmi flexpriority ept vpid fsgsbase tsc_adjust bmi1 avx2 smep bmi2 erms invpcid xsaveopt
bugs		:
bogomips	: 4788.73
clflush size	: 64
cache_alignment	: 64
address sizes	: 39 bits physical, 48 bits virtual
power management:



Memory: 4k page, physical 8104136k(3726280k free), swap 0k(0k free)

vm_info: Java HotSpot(TM) 64-Bit Server VM (25.60-b23) for linux-amd64 JRE (1.8.0_60-b27), built on Aug  4 2015 12:19:40 by "java_re" with gcc 4.3.0 20080428 (Red Hat 4.3.0-8)

time: Sat Jan  9 17:19:10 2016
elapsed time: 32 seconds (0d 0h 0m 32s)

